c:\users\jj\desktop\vs projects\dungeon crawler\dungeon crawler\debug\vc141.pdb
c:\users\jj\desktop\vs projects\dungeon crawler\dungeon crawler\debug\vc141.idb
c:\users\jj\desktop\vs projects\dungeon crawler\dungeon crawler\debug\sdl.obj
c:\users\jj\desktop\vs projects\dungeon crawler\dungeon crawler\debug\main.obj
c:\users\jj\desktop\vs projects\dungeon crawler\dungeon crawler\debug\source.obj
c:\users\jj\desktop\vs projects\dungeon crawler\dungeon crawler\debug\ltexture.obj
c:\users\jj\desktop\vs projects\dungeon crawler\debug\dungeon crawler.lib
c:\users\jj\desktop\vs projects\dungeon crawler\debug\dungeon crawler.exp
c:\users\jj\desktop\vs projects\dungeon crawler\debug\dungeon crawler.exe
c:\users\jj\desktop\vs projects\dungeon crawler\debug\dungeon crawler.ilk
c:\users\jj\desktop\vs projects\dungeon crawler\debug\dungeon crawler.pdb
c:\users\jj\desktop\vs projects\dungeon crawler\dungeon crawler\debug\sdl.obj.enc
c:\users\jj\desktop\vs projects\dungeon crawler\dungeon crawler\debug\dungeon crawler.tlog\cl.command.1.tlog
c:\users\jj\desktop\vs projects\dungeon crawler\dungeon crawler\debug\dungeon crawler.tlog\cl.read.1.tlog
c:\users\jj\desktop\vs projects\dungeon crawler\dungeon crawler\debug\dungeon crawler.tlog\cl.write.1.tlog
c:\users\jj\desktop\vs projects\dungeon crawler\dungeon crawler\debug\dungeon crawler.tlog\dungeon crawler.write.1u.tlog
c:\users\jj\desktop\vs projects\dungeon crawler\dungeon crawler\debug\dungeon crawler.tlog\link.8996-cvtres.read.1.tlog
c:\users\jj\desktop\vs projects\dungeon crawler\dungeon crawler\debug\dungeon crawler.tlog\link.8996-cvtres.write.1.tlog
c:\users\jj\desktop\vs projects\dungeon crawler\dungeon crawler\debug\dungeon crawler.tlog\link.8996-rc.read.1.tlog
c:\users\jj\desktop\vs projects\dungeon crawler\dungeon crawler\debug\dungeon crawler.tlog\link.8996-rc.write.1.tlog
c:\users\jj\desktop\vs projects\dungeon crawler\dungeon crawler\debug\dungeon crawler.tlog\link.8996.read.1.tlog
c:\users\jj\desktop\vs projects\dungeon crawler\dungeon crawler\debug\dungeon crawler.tlog\link.8996.write.1.tlog
c:\users\jj\desktop\vs projects\dungeon crawler\dungeon crawler\debug\dungeon crawler.tlog\link.command.1.tlog
c:\users\jj\desktop\vs projects\dungeon crawler\dungeon crawler\debug\dungeon crawler.tlog\link.read.1.tlog
c:\users\jj\desktop\vs projects\dungeon crawler\dungeon crawler\debug\dungeon crawler.tlog\link.write.1.tlog
